2013-08-31 04:40:59 Error: Fatal Error (64): require_once() [<a href='http://php.net/function.require'>function.require</a>]: Failed opening required 'File/Iterator/Autoload.php' (include_path='/Users/Anthony/Sites/eclipse-wh/api-demo/app/Vendor:/Users/Anthony/Sites/eclipse-wh/api-demo/lib:.:') in [/Users/Anthony/Sites/eclipse-wh/api-demo/app/Vendor/PHPUnit/Autoload.php, line 45]
2013-08-31 04:40:59 Error: [FatalErrorException] require_once() [<a href='http://php.net/function.require'>function.require</a>]: Failed opening required 'File/Iterator/Autoload.php' (include_path='/Users/Anthony/Sites/eclipse-wh/api-demo/app/Vendor:/Users/Anthony/Sites/eclipse-wh/api-demo/lib:.:')
Stack Trace:
#0 /Users/Anthony/Sites/eclipse-wh/api-demo/lib/Cake/Error/ErrorHandler.php(205): ErrorHandler::handleFatalError(64, 'require_once() ...', '/Users/Anthony/...', 45)
#1 [internal function]: ErrorHandler::handleError(64, 'require_once() ...', '/Users/Anthony/...', 45, Array)
#2 /Users/Anthony/Sites/eclipse-wh/api-demo/lib/Cake/Core/App.php(931): call_user_func('ErrorHandler::h...', 64, 'require_once() ...', '/Users/Anthony/...', 45, Array)
#3 /Users/Anthony/Sites/eclipse-wh/api-demo/lib/Cake/Core/App.php(904): App::_checkFatalError()
#4 [internal function]: App::shutdown()
#5 {main}
2013-08-31 04:41:47 Error: Fatal Error (64): require_once() [<a href='http://php.net/function.require'>function.require</a>]: Failed opening required 'File/Iterator/Autoload.php' (include_path='/Users/Anthony/Sites/eclipse-wh/api-demo/app/Vendor:/Users/Anthony/Sites/eclipse-wh/api-demo/lib:.:') in [/Users/Anthony/Sites/eclipse-wh/api-demo/app/Vendor/PHPUnit/Autoload.php, line 45]
2013-08-31 04:41:47 Error: [FatalErrorException] require_once() [<a href='http://php.net/function.require'>function.require</a>]: Failed opening required 'File/Iterator/Autoload.php' (include_path='/Users/Anthony/Sites/eclipse-wh/api-demo/app/Vendor:/Users/Anthony/Sites/eclipse-wh/api-demo/lib:.:')
Stack Trace:
#0 /Users/Anthony/Sites/eclipse-wh/api-demo/lib/Cake/Error/ErrorHandler.php(205): ErrorHandler::handleFatalError(64, 'require_once() ...', '/Users/Anthony/...', 45)
#1 [internal function]: ErrorHandler::handleError(64, 'require_once() ...', '/Users/Anthony/...', 45, Array)
#2 /Users/Anthony/Sites/eclipse-wh/api-demo/lib/Cake/Core/App.php(931): call_user_func('ErrorHandler::h...', 64, 'require_once() ...', '/Users/Anthony/...', 45, Array)
#3 /Users/Anthony/Sites/eclipse-wh/api-demo/lib/Cake/Core/App.php(904): App::_checkFatalError()
#4 [internal function]: App::shutdown()
#5 {main}
2013-08-31 04:42:40 Error: Fatal Error (64): require_once() [<a href='http://php.net/function.require'>function.require</a>]: Failed opening required 'PHP/CodeCoverage/Autoload.php' (include_path='/Users/Anthony/Sites/eclipse-wh/api-demo/app/Vendor:/Users/Anthony/Sites/eclipse-wh/api-demo/lib:.:') in [/Users/Anthony/Sites/eclipse-wh/api-demo/app/Vendor/PHPUnit/Autoload.php, line 46]
2013-08-31 04:42:40 Error: [FatalErrorException] require_once() [<a href='http://php.net/function.require'>function.require</a>]: Failed opening required 'PHP/CodeCoverage/Autoload.php' (include_path='/Users/Anthony/Sites/eclipse-wh/api-demo/app/Vendor:/Users/Anthony/Sites/eclipse-wh/api-demo/lib:.:')
Stack Trace:
#0 /Users/Anthony/Sites/eclipse-wh/api-demo/lib/Cake/Error/ErrorHandler.php(205): ErrorHandler::handleFatalError(64, 'require_once() ...', '/Users/Anthony/...', 46)
#1 [internal function]: ErrorHandler::handleError(64, 'require_once() ...', '/Users/Anthony/...', 46, Array)
#2 /Users/Anthony/Sites/eclipse-wh/api-demo/lib/Cake/Core/App.php(931): call_user_func('ErrorHandler::h...', 64, 'require_once() ...', '/Users/Anthony/...', 46, Array)
#3 /Users/Anthony/Sites/eclipse-wh/api-demo/lib/Cake/Core/App.php(904): App::_checkFatalError()
#4 [internal function]: App::shutdown()
#5 {main}
2013-08-31 05:01:39 Error: Fatal Error (64): require_once() [<a href='http://php.net/function.require'>function.require</a>]: Failed opening required 'File/Iterator/Autoload.php' (include_path='/Users/Anthony/Sites/eclipse-wh/api-demo/app/Vendor:/Users/Anthony/Sites/eclipse-wh/api-demo/lib:.:') in [/Users/Anthony/Sites/eclipse-wh/api-demo/app/Vendor/PHPUnit/Autoload.php, line 45]
2013-08-31 05:01:39 Error: [FatalErrorException] require_once() [<a href='http://php.net/function.require'>function.require</a>]: Failed opening required 'File/Iterator/Autoload.php' (include_path='/Users/Anthony/Sites/eclipse-wh/api-demo/app/Vendor:/Users/Anthony/Sites/eclipse-wh/api-demo/lib:.:')
Stack Trace:
#0 /Users/Anthony/Sites/eclipse-wh/api-demo/lib/Cake/Error/ErrorHandler.php(205): ErrorHandler::handleFatalError(64, 'require_once() ...', '/Users/Anthony/...', 45)
#1 [internal function]: ErrorHandler::handleError(64, 'require_once() ...', '/Users/Anthony/...', 45, Array)
#2 /Users/Anthony/Sites/eclipse-wh/api-demo/lib/Cake/Core/App.php(931): call_user_func('ErrorHandler::h...', 64, 'require_once() ...', '/Users/Anthony/...', 45, Array)
#3 /Users/Anthony/Sites/eclipse-wh/api-demo/lib/Cake/Core/App.php(904): App::_checkFatalError()
#4 [internal function]: App::shutdown()
#5 {main}
2013-08-31 05:03:58 Error: Fatal Error (1): Class 'AppModel' not found in [/Users/Anthony/Sites/eclipse-wh/api-demo/app/Plugin/DataTypeJuggling/Test/Case/Model/Behavior/DataTypeJugglingBehaviorTest.php, line 12]
2013-08-31 05:03:58 Error: [FatalErrorException] Class 'AppModel' not found
Stack Trace:
#0 /Users/Anthony/Sites/eclipse-wh/api-demo/lib/Cake/Error/ErrorHandler.php(205): ErrorHandler::handleFatalError(1, 'Class 'AppModel...', '/Users/Anthony/...', 12)
#1 [internal function]: ErrorHandler::handleError(1, 'Class 'AppModel...', '/Users/Anthony/...', 12, Array)
#2 /Users/Anthony/Sites/eclipse-wh/api-demo/lib/Cake/Core/App.php(931): call_user_func('ErrorHandler::h...', 1, 'Class 'AppModel...', '/Users/Anthony/...', 12, Array)
#3 /Users/Anthony/Sites/eclipse-wh/api-demo/lib/Cake/Core/App.php(904): App::_checkFatalError()
#4 [internal function]: App::shutdown()
#5 {main}
2013-08-31 05:04:39 Error: Fatal Error (1): Class 'Model' not found in [/Users/Anthony/Sites/eclipse-wh/api-demo/app/Model/AppModel.php, line 2]
2013-08-31 05:04:39 Error: [FatalErrorException] Class 'Model' not found
Stack Trace:
#0 /Users/Anthony/Sites/eclipse-wh/api-demo/lib/Cake/Error/ErrorHandler.php(205): ErrorHandler::handleFatalError(1, 'Class 'Model' n...', '/Users/Anthony/...', 2)
#1 [internal function]: ErrorHandler::handleError(1, 'Class 'Model' n...', '/Users/Anthony/...', 2, Array)
#2 /Users/Anthony/Sites/eclipse-wh/api-demo/lib/Cake/Core/App.php(931): call_user_func('ErrorHandler::h...', 1, 'Class 'Model' n...', '/Users/Anthony/...', 2, Array)
#3 /Users/Anthony/Sites/eclipse-wh/api-demo/lib/Cake/Core/App.php(904): App::_checkFatalError()
#4 [internal function]: App::shutdown()
#5 {main}
2013-08-31 05:04:58 Error: Fatal Error (1): Class 'AppController' not found in [/Users/Anthony/Sites/eclipse-wh/api-demo/app/Plugin/OAuth2/Controller/OAuth2AppController.php, line 22]
2013-08-31 05:04:58 Error: [FatalErrorException] Class 'AppController' not found
Stack Trace:
#0 /Users/Anthony/Sites/eclipse-wh/api-demo/lib/Cake/Error/ErrorHandler.php(205): ErrorHandler::handleFatalError(1, 'Class 'AppContr...', '/Users/Anthony/...', 22)
#1 [internal function]: ErrorHandler::handleError(1, 'Class 'AppContr...', '/Users/Anthony/...', 22, Array)
#2 /Users/Anthony/Sites/eclipse-wh/api-demo/lib/Cake/Core/App.php(931): call_user_func('ErrorHandler::h...', 1, 'Class 'AppContr...', '/Users/Anthony/...', 22, Array)
#3 /Users/Anthony/Sites/eclipse-wh/api-demo/lib/Cake/Core/App.php(904): App::_checkFatalError()
#4 [internal function]: App::shutdown()
#5 {main}
2013-08-31 07:57:37 Error: [MissingControllerException] Controller class Controller could not be found.
Exception Attributes: array (
  'class' => 'Controller',
  'plugin' => NULL,
)
Request URL: /
Stack Trace:
#0 /Users/Anthony/Sites/eclipse-wh/api-demo/app/webroot/index.php(52): Dispatcher->dispatch(Object(CakeRequest), Object(CakeResponse))
#1 {main}
2013-08-31 07:58:02 Error: Fatal Error (4): parse error, expecting `')'' in [/Users/Anthony/Sites/eclipse-wh/api-demo/app/Config/Acl/User.php, line 17]
2013-08-31 07:58:02 Error: [FatalErrorException] parse error, expecting `')''
Request URL: /users/me
Stack Trace:
#0 /Users/Anthony/Sites/eclipse-wh/api-demo/lib/Cake/Error/ErrorHandler.php(205): ErrorHandler::handleFatalError(4, 'parse error, ex...', '/Users/Anthony/...', 17)
#1 [internal function]: ErrorHandler::handleError(4, 'parse error, ex...', '/Users/Anthony/...', 17, Array)
#2 /Users/Anthony/Sites/eclipse-wh/api-demo/lib/Cake/Core/App.php(931): call_user_func('ErrorHandler::h...', 4, 'parse error, ex...', '/Users/Anthony/...', 17, Array)
#3 /Users/Anthony/Sites/eclipse-wh/api-demo/lib/Cake/Core/App.php(904): App::_checkFatalError()
#4 [internal function]: App::shutdown()
#5 {main}
2013-08-31 07:58:05 Error: Fatal Error (4): parse error, expecting `')'' in [/Users/Anthony/Sites/eclipse-wh/api-demo/app/Config/Acl/User.php, line 17]
2013-08-31 07:58:05 Error: [FatalErrorException] parse error, expecting `')''
Request URL: /users/me
Stack Trace:
#0 /Users/Anthony/Sites/eclipse-wh/api-demo/lib/Cake/Error/ErrorHandler.php(205): ErrorHandler::handleFatalError(4, 'parse error, ex...', '/Users/Anthony/...', 17)
#1 [internal function]: ErrorHandler::handleError(4, 'parse error, ex...', '/Users/Anthony/...', 17, Array)
#2 /Users/Anthony/Sites/eclipse-wh/api-demo/lib/Cake/Core/App.php(931): call_user_func('ErrorHandler::h...', 4, 'parse error, ex...', '/Users/Anthony/...', 17, Array)
#3 /Users/Anthony/Sites/eclipse-wh/api-demo/lib/Cake/Core/App.php(904): App::_checkFatalError()
#4 [internal function]: App::shutdown()
#5 {main}
2013-08-31 07:58:14 Error: [MissingControllerException] Controller class Controller could not be found.
Exception Attributes: array (
  'class' => 'Controller',
  'plugin' => NULL,
)
Request URL: /
Stack Trace:
#0 /Users/Anthony/Sites/eclipse-wh/api-demo/app/webroot/index.php(52): Dispatcher->dispatch(Object(CakeRequest), Object(CakeResponse))
#1 {main}
2013-08-31 07:58:17 Error: Fatal Error (4): parse error, expecting `')'' in [/Users/Anthony/Sites/eclipse-wh/api-demo/app/Config/Acl/User.php, line 17]
2013-08-31 07:58:17 Error: [FatalErrorException] parse error, expecting `')''
Request URL: /users/me
Stack Trace:
#0 /Users/Anthony/Sites/eclipse-wh/api-demo/lib/Cake/Error/ErrorHandler.php(205): ErrorHandler::handleFatalError(4, 'parse error, ex...', '/Users/Anthony/...', 17)
#1 [internal function]: ErrorHandler::handleError(4, 'parse error, ex...', '/Users/Anthony/...', 17, Array)
#2 /Users/Anthony/Sites/eclipse-wh/api-demo/lib/Cake/Core/App.php(931): call_user_func('ErrorHandler::h...', 4, 'parse error, ex...', '/Users/Anthony/...', 17, Array)
#3 /Users/Anthony/Sites/eclipse-wh/api-demo/lib/Cake/Core/App.php(904): App::_checkFatalError()
#4 [internal function]: App::shutdown()
#5 {main}
2013-08-31 07:58:18 Error: Fatal Error (4): parse error, expecting `')'' in [/Users/Anthony/Sites/eclipse-wh/api-demo/app/Config/Acl/User.php, line 17]
2013-08-31 07:58:18 Error: [FatalErrorException] parse error, expecting `')''
Request URL: /users/me
Stack Trace:
#0 /Users/Anthony/Sites/eclipse-wh/api-demo/lib/Cake/Error/ErrorHandler.php(205): ErrorHandler::handleFatalError(4, 'parse error, ex...', '/Users/Anthony/...', 17)
#1 [internal function]: ErrorHandler::handleError(4, 'parse error, ex...', '/Users/Anthony/...', 17, Array)
#2 /Users/Anthony/Sites/eclipse-wh/api-demo/lib/Cake/Core/App.php(931): call_user_func('ErrorHandler::h...', 4, 'parse error, ex...', '/Users/Anthony/...', 17, Array)
#3 /Users/Anthony/Sites/eclipse-wh/api-demo/lib/Cake/Core/App.php(904): App::_checkFatalError()
#4 [internal function]: App::shutdown()
#5 {main}
2013-08-31 08:01:41 Error: Fatal Error (4): parse error, expecting `')'' in [/Users/Anthony/Sites/eclipse-wh/api-demo/app/Config/Acl/User.php, line 17]
2013-08-31 08:01:41 Error: [FatalErrorException] parse error, expecting `')''
Request URL: /users/login
Stack Trace:
#0 /Users/Anthony/Sites/eclipse-wh/api-demo/lib/Cake/Error/ErrorHandler.php(205): ErrorHandler::handleFatalError(4, 'parse error, ex...', '/Users/Anthony/...', 17)
#1 [internal function]: ErrorHandler::handleError(4, 'parse error, ex...', '/Users/Anthony/...', 17, Array)
#2 /Users/Anthony/Sites/eclipse-wh/api-demo/lib/Cake/Core/App.php(931): call_user_func('ErrorHandler::h...', 4, 'parse error, ex...', '/Users/Anthony/...', 17, Array)
#3 /Users/Anthony/Sites/eclipse-wh/api-demo/lib/Cake/Core/App.php(904): App::_checkFatalError()
#4 [internal function]: App::shutdown()
#5 {main}
2013-08-31 08:01:42 Error: Fatal Error (4): parse error, expecting `')'' in [/Users/Anthony/Sites/eclipse-wh/api-demo/app/Config/Acl/User.php, line 17]
2013-08-31 08:01:42 Error: [FatalErrorException] parse error, expecting `')''
Request URL: /users/login
Stack Trace:
#0 /Users/Anthony/Sites/eclipse-wh/api-demo/lib/Cake/Error/ErrorHandler.php(205): ErrorHandler::handleFatalError(4, 'parse error, ex...', '/Users/Anthony/...', 17)
#1 [internal function]: ErrorHandler::handleError(4, 'parse error, ex...', '/Users/Anthony/...', 17, Array)
#2 /Users/Anthony/Sites/eclipse-wh/api-demo/lib/Cake/Core/App.php(931): call_user_func('ErrorHandler::h...', 4, 'parse error, ex...', '/Users/Anthony/...', 17, Array)
#3 /Users/Anthony/Sites/eclipse-wh/api-demo/lib/Cake/Core/App.php(904): App::_checkFatalError()
#4 [internal function]: App::shutdown()
#5 {main}
2013-08-31 08:01:51 Error: [MissingControllerException] Controller class Controller could not be found.
Exception Attributes: array (
  'class' => 'Controller',
  'plugin' => NULL,
)
Request URL: /
Stack Trace:
#0 /Users/Anthony/Sites/eclipse-wh/api-demo/app/webroot/index.php(52): Dispatcher->dispatch(Object(CakeRequest), Object(CakeResponse))
#1 {main}
2013-08-31 08:01:53 Error: Fatal Error (4): parse error, expecting `')'' in [/Users/Anthony/Sites/eclipse-wh/api-demo/app/Config/Acl/User.php, line 17]
2013-08-31 08:01:53 Error: [FatalErrorException] parse error, expecting `')''
Request URL: /users/login
Stack Trace:
#0 /Users/Anthony/Sites/eclipse-wh/api-demo/lib/Cake/Error/ErrorHandler.php(205): ErrorHandler::handleFatalError(4, 'parse error, ex...', '/Users/Anthony/...', 17)
#1 [internal function]: ErrorHandler::handleError(4, 'parse error, ex...', '/Users/Anthony/...', 17, Array)
#2 /Users/Anthony/Sites/eclipse-wh/api-demo/lib/Cake/Core/App.php(931): call_user_func('ErrorHandler::h...', 4, 'parse error, ex...', '/Users/Anthony/...', 17, Array)
#3 /Users/Anthony/Sites/eclipse-wh/api-demo/lib/Cake/Core/App.php(904): App::_checkFatalError()
#4 [internal function]: App::shutdown()
#5 {main}
2013-08-31 08:01:53 Error: Fatal Error (4): parse error, expecting `')'' in [/Users/Anthony/Sites/eclipse-wh/api-demo/app/Config/Acl/User.php, line 17]
2013-08-31 08:01:53 Error: [FatalErrorException] parse error, expecting `')''
Request URL: /users/login
Stack Trace:
#0 /Users/Anthony/Sites/eclipse-wh/api-demo/lib/Cake/Error/ErrorHandler.php(205): ErrorHandler::handleFatalError(4, 'parse error, ex...', '/Users/Anthony/...', 17)
#1 [internal function]: ErrorHandler::handleError(4, 'parse error, ex...', '/Users/Anthony/...', 17, Array)
#2 /Users/Anthony/Sites/eclipse-wh/api-demo/lib/Cake/Core/App.php(931): call_user_func('ErrorHandler::h...', 4, 'parse error, ex...', '/Users/Anthony/...', 17, Array)
#3 /Users/Anthony/Sites/eclipse-wh/api-demo/lib/Cake/Core/App.php(904): App::_checkFatalError()
#4 [internal function]: App::shutdown()
#5 {main}
2013-08-31 08:03:10 Error: Fatal Error (4): parse error, expecting `')'' in [/Users/Anthony/Sites/eclipse-wh/api-demo/app/Config/Acl/User.php, line 17]
2013-08-31 08:03:10 Error: [FatalErrorException] parse error, expecting `')''
Request URL: /users/login
Stack Trace:
#0 /Users/Anthony/Sites/eclipse-wh/api-demo/lib/Cake/Error/ErrorHandler.php(205): ErrorHandler::handleFatalError(4, 'parse error, ex...', '/Users/Anthony/...', 17)
#1 [internal function]: ErrorHandler::handleError(4, 'parse error, ex...', '/Users/Anthony/...', 17, Array)
#2 /Users/Anthony/Sites/eclipse-wh/api-demo/lib/Cake/Core/App.php(931): call_user_func('ErrorHandler::h...', 4, 'parse error, ex...', '/Users/Anthony/...', 17, Array)
#3 /Users/Anthony/Sites/eclipse-wh/api-demo/lib/Cake/Core/App.php(904): App::_checkFatalError()
#4 [internal function]: App::shutdown()
#5 {main}
2013-08-31 08:03:12 Error: Fatal Error (4): parse error, expecting `')'' in [/Users/Anthony/Sites/eclipse-wh/api-demo/app/Config/Acl/User.php, line 17]
2013-08-31 08:03:12 Error: [FatalErrorException] parse error, expecting `')''
Request URL: /users/login
Stack Trace:
#0 /Users/Anthony/Sites/eclipse-wh/api-demo/lib/Cake/Error/ErrorHandler.php(205): ErrorHandler::handleFatalError(4, 'parse error, ex...', '/Users/Anthony/...', 17)
#1 [internal function]: ErrorHandler::handleError(4, 'parse error, ex...', '/Users/Anthony/...', 17, Array)
#2 /Users/Anthony/Sites/eclipse-wh/api-demo/lib/Cake/Core/App.php(931): call_user_func('ErrorHandler::h...', 4, 'parse error, ex...', '/Users/Anthony/...', 17, Array)
#3 /Users/Anthony/Sites/eclipse-wh/api-demo/lib/Cake/Core/App.php(904): App::_checkFatalError()
#4 [internal function]: App::shutdown()
#5 {main}
2013-08-31 08:03:27 Error: Fatal Error (4): parse error, expecting `')'' in [/Users/Anthony/Sites/eclipse-wh/api-demo/app/Config/Acl/User.php, line 17]
2013-08-31 08:03:27 Error: [FatalErrorException] parse error, expecting `')''
Request URL: /users/login
Stack Trace:
#0 /Users/Anthony/Sites/eclipse-wh/api-demo/lib/Cake/Error/ErrorHandler.php(205): ErrorHandler::handleFatalError(4, 'parse error, ex...', '/Users/Anthony/...', 17)
#1 [internal function]: ErrorHandler::handleError(4, 'parse error, ex...', '/Users/Anthony/...', 17, Array)
#2 /Users/Anthony/Sites/eclipse-wh/api-demo/lib/Cake/Core/App.php(931): call_user_func('ErrorHandler::h...', 4, 'parse error, ex...', '/Users/Anthony/...', 17, Array)
#3 /Users/Anthony/Sites/eclipse-wh/api-demo/lib/Cake/Core/App.php(904): App::_checkFatalError()
#4 [internal function]: App::shutdown()
#5 {main}
2013-08-31 08:03:47 Error: Fatal Error (4): parse error, expecting `')'' in [/Users/Anthony/Sites/eclipse-wh/api-demo/app/Config/Acl/User.php, line 17]
2013-08-31 08:03:47 Error: [FatalErrorException] parse error, expecting `')''
Request URL: /users/login
Stack Trace:
#0 /Users/Anthony/Sites/eclipse-wh/api-demo/lib/Cake/Error/ErrorHandler.php(205): ErrorHandler::handleFatalError(4, 'parse error, ex...', '/Users/Anthony/...', 17)
#1 [internal function]: ErrorHandler::handleError(4, 'parse error, ex...', '/Users/Anthony/...', 17, Array)
#2 /Users/Anthony/Sites/eclipse-wh/api-demo/lib/Cake/Core/App.php(931): call_user_func('ErrorHandler::h...', 4, 'parse error, ex...', '/Users/Anthony/...', 17, Array)
#3 /Users/Anthony/Sites/eclipse-wh/api-demo/lib/Cake/Core/App.php(904): App::_checkFatalError()
#4 [internal function]: App::shutdown()
#5 {main}
2013-08-31 08:05:04 Error: Fatal Error (4): parse error, expecting `')'' in [/Users/Anthony/Sites/eclipse-wh/api-demo/app/Config/Acl/User.php, line 17]
2013-08-31 08:05:04 Error: [FatalErrorException] parse error, expecting `')''
Request URL: /users/login
Stack Trace:
#0 /Users/Anthony/Sites/eclipse-wh/api-demo/lib/Cake/Error/ErrorHandler.php(205): ErrorHandler::handleFatalError(4, 'parse error, ex...', '/Users/Anthony/...', 17)
#1 [internal function]: ErrorHandler::handleError(4, 'parse error, ex...', '/Users/Anthony/...', 17, Array)
#2 /Users/Anthony/Sites/eclipse-wh/api-demo/lib/Cake/Core/App.php(931): call_user_func('ErrorHandler::h...', 4, 'parse error, ex...', '/Users/Anthony/...', 17, Array)
#3 /Users/Anthony/Sites/eclipse-wh/api-demo/lib/Cake/Core/App.php(904): App::_checkFatalError()
#4 [internal function]: App::shutdown()
#5 {main}
2013-08-31 08:06:21 Error: Fatal Error (4): parse error, expecting `')'' in [/Users/Anthony/Sites/eclipse-wh/api-demo/app/Config/Acl/User.php, line 17]
2013-08-31 08:06:21 Error: [FatalErrorException] parse error, expecting `')''
Request URL: /users/login
Stack Trace:
#0 /Users/Anthony/Sites/eclipse-wh/api-demo/lib/Cake/Error/ErrorHandler.php(205): ErrorHandler::handleFatalError(4, 'parse error, ex...', '/Users/Anthony/...', 17)
#1 [internal function]: ErrorHandler::handleError(4, 'parse error, ex...', '/Users/Anthony/...', 17, Array)
#2 /Users/Anthony/Sites/eclipse-wh/api-demo/lib/Cake/Core/App.php(931): call_user_func('ErrorHandler::h...', 4, 'parse error, ex...', '/Users/Anthony/...', 17, Array)
#3 /Users/Anthony/Sites/eclipse-wh/api-demo/lib/Cake/Core/App.php(904): App::_checkFatalError()
#4 [internal function]: App::shutdown()
#5 {main}
2013-08-31 08:07:12 Error: Fatal Error (4): parse error, expecting `')'' in [/Users/Anthony/Sites/eclipse-wh/api-demo/app/Config/Acl/User.php, line 17]
2013-08-31 08:07:12 Error: [FatalErrorException] parse error, expecting `')''
Request URL: /users/login
Stack Trace:
#0 /Users/Anthony/Sites/eclipse-wh/api-demo/lib/Cake/Error/ErrorHandler.php(205): ErrorHandler::handleFatalError(4, 'parse error, ex...', '/Users/Anthony/...', 17)
#1 [internal function]: ErrorHandler::handleError(4, 'parse error, ex...', '/Users/Anthony/...', 17, Array)
#2 /Users/Anthony/Sites/eclipse-wh/api-demo/lib/Cake/Core/App.php(931): call_user_func('ErrorHandler::h...', 4, 'parse error, ex...', '/Users/Anthony/...', 17, Array)
#3 /Users/Anthony/Sites/eclipse-wh/api-demo/lib/Cake/Core/App.php(904): App::_checkFatalError()
#4 [internal function]: App::shutdown()
#5 {main}
2013-08-31 08:07:26 Error: Fatal Error (1): Call to undefined function CakeLog() in [/Users/Anthony/Sites/eclipse-wh/api-demo/app/Plugin/Api/Controller/Component/Acl/ApiPhpAcl.php, line 112]
2013-08-31 08:07:26 Error: [FatalErrorException] Call to undefined function CakeLog()
Request URL: /users/login
Stack Trace:
#0 /Users/Anthony/Sites/eclipse-wh/api-demo/lib/Cake/Error/ErrorHandler.php(205): ErrorHandler::handleFatalError(1, 'Call to undefin...', '/Users/Anthony/...', 112)
#1 [internal function]: ErrorHandler::handleError(1, 'Call to undefin...', '/Users/Anthony/...', 112, Array)
#2 /Users/Anthony/Sites/eclipse-wh/api-demo/lib/Cake/Core/App.php(931): call_user_func('ErrorHandler::h...', 1, 'Call to undefin...', '/Users/Anthony/...', 112, Array)
#3 /Users/Anthony/Sites/eclipse-wh/api-demo/lib/Cake/Core/App.php(904): App::_checkFatalError()
#4 [internal function]: App::shutdown()
#5 {main}
2013-08-31 08:07:59 Error: Fatal Error (4): parse error, expecting `')'' in [/Users/Anthony/Sites/eclipse-wh/api-demo/app/Config/Acl/User.php, line 17]
2013-08-31 08:07:59 Error: Fatal Error (4): parse error, expecting `')'' in [/Users/Anthony/Sites/eclipse-wh/api-demo/app/Config/Acl/User.php, line 17]
2013-08-31 08:07:59 Error: [FatalErrorException] parse error, expecting `')''
Request URL: /users/login
Stack Trace:
#0 /Users/Anthony/Sites/eclipse-wh/api-demo/lib/Cake/Error/ErrorHandler.php(205): ErrorHandler::handleFatalError(4, 'parse error, ex...', '/Users/Anthony/...', 17)
#1 [internal function]: ErrorHandler::handleError(4, 'parse error, ex...', '/Users/Anthony/...', 17, Array)
#2 /Users/Anthony/Sites/eclipse-wh/api-demo/lib/Cake/Core/App.php(931): call_user_func('ErrorHandler::h...', 4, 'parse error, ex...', '/Users/Anthony/...', 17, Array)
#3 /Users/Anthony/Sites/eclipse-wh/api-demo/lib/Cake/Core/App.php(904): App::_checkFatalError()
#4 [internal function]: App::shutdown()
#5 {main}
2013-08-31 08:07:59 Error: [FatalErrorException] parse error, expecting `')''
Request URL: /users/login
Stack Trace:
#0 /Users/Anthony/Sites/eclipse-wh/api-demo/lib/Cake/Error/ErrorHandler.php(205): ErrorHandler::handleFatalError(4, 'parse error, ex...', '/Users/Anthony/...', 17)
#1 [internal function]: ErrorHandler::handleError(4, 'parse error, ex...', '/Users/Anthony/...', 17, Array)
#2 /Users/Anthony/Sites/eclipse-wh/api-demo/lib/Cake/Core/App.php(931): call_user_func('ErrorHandler::h...', 4, 'parse error, ex...', '/Users/Anthony/...', 17, Array)
#3 /Users/Anthony/Sites/eclipse-wh/api-demo/lib/Cake/Core/App.php(904): App::_checkFatalError()
#4 [internal function]: App::shutdown()
#5 {main}
2013-08-31 08:08:17 Error: Fatal Error (4): parse error, expecting `')'' in [/Users/Anthony/Sites/eclipse-wh/api-demo/app/Config/Acl/User.php, line 17]
2013-08-31 08:08:17 Error: [FatalErrorException] parse error, expecting `')''
Request URL: /users/login
Stack Trace:
#0 /Users/Anthony/Sites/eclipse-wh/api-demo/lib/Cake/Error/ErrorHandler.php(205): ErrorHandler::handleFatalError(4, 'parse error, ex...', '/Users/Anthony/...', 17)
#1 [internal function]: ErrorHandler::handleError(4, 'parse error, ex...', '/Users/Anthony/...', 17, Array)
#2 /Users/Anthony/Sites/eclipse-wh/api-demo/lib/Cake/Core/App.php(931): call_user_func('ErrorHandler::h...', 4, 'parse error, ex...', '/Users/Anthony/...', 17, Array)
#3 /Users/Anthony/Sites/eclipse-wh/api-demo/lib/Cake/Core/App.php(904): App::_checkFatalError()
#4 [internal function]: App::shutdown()
#5 {main}
2013-08-31 08:14:13 Error: Fatal Error (4): parse error, expecting `')'' in [/Users/Anthony/Sites/eclipse-wh/api-demo/app/Config/Acl/User.php, line 17]
2013-08-31 08:14:13 Error: [FatalErrorException] parse error, expecting `')''
Request URL: /users/login
Stack Trace:
#0 /Users/Anthony/Sites/eclipse-wh/api-demo/lib/Cake/Error/ErrorHandler.php(205): ErrorHandler::handleFatalError(4, 'parse error, ex...', '/Users/Anthony/...', 17)
#1 [internal function]: ErrorHandler::handleError(4, 'parse error, ex...', '/Users/Anthony/...', 17, Array)
#2 /Users/Anthony/Sites/eclipse-wh/api-demo/lib/Cake/Core/App.php(931): call_user_func('ErrorHandler::h...', 4, 'parse error, ex...', '/Users/Anthony/...', 17, Array)
#3 /Users/Anthony/Sites/eclipse-wh/api-demo/lib/Cake/Core/App.php(904): App::_checkFatalError()
#4 [internal function]: App::shutdown()
#5 {main}
2013-08-31 08:14:42 Error: Fatal Error (4): parse error, expecting `')'' in [/Users/Anthony/Sites/eclipse-wh/api-demo/app/Config/Acl/User.php, line 17]
2013-08-31 08:14:42 Error: [FatalErrorException] parse error, expecting `')''
Request URL: /users/login
Stack Trace:
#0 /Users/Anthony/Sites/eclipse-wh/api-demo/lib/Cake/Error/ErrorHandler.php(205): ErrorHandler::handleFatalError(4, 'parse error, ex...', '/Users/Anthony/...', 17)
#1 [internal function]: ErrorHandler::handleError(4, 'parse error, ex...', '/Users/Anthony/...', 17, Array)
#2 /Users/Anthony/Sites/eclipse-wh/api-demo/lib/Cake/Core/App.php(931): call_user_func('ErrorHandler::h...', 4, 'parse error, ex...', '/Users/Anthony/...', 17, Array)
#3 /Users/Anthony/Sites/eclipse-wh/api-demo/lib/Cake/Core/App.php(904): App::_checkFatalError()
#4 [internal function]: App::shutdown()
#5 {main}
2013-08-31 08:15:41 Error: Fatal Error (4): parse error, expecting `')'' in [/Users/Anthony/Sites/eclipse-wh/api-demo/app/Config/Acl/User.php, line 17]
2013-08-31 08:15:41 Error: [FatalErrorException] parse error, expecting `')''
Request URL: /users/login
Stack Trace:
#0 /Users/Anthony/Sites/eclipse-wh/api-demo/lib/Cake/Error/ErrorHandler.php(205): ErrorHandler::handleFatalError(4, 'parse error, ex...', '/Users/Anthony/...', 17)
#1 [internal function]: ErrorHandler::handleError(4, 'parse error, ex...', '/Users/Anthony/...', 17, Array)
#2 /Users/Anthony/Sites/eclipse-wh/api-demo/lib/Cake/Core/App.php(931): call_user_func('ErrorHandler::h...', 4, 'parse error, ex...', '/Users/Anthony/...', 17, Array)
#3 /Users/Anthony/Sites/eclipse-wh/api-demo/lib/Cake/Core/App.php(904): App::_checkFatalError()
#4 [internal function]: App::shutdown()
#5 {main}
2013-08-31 08:18:21 Error: Fatal Error (4): parse error, expecting `')'' in [/Users/Anthony/Sites/eclipse-wh/api-demo/app/Config/Acl/User.php, line 17]
2013-08-31 08:18:21 Error: [FatalErrorException] parse error, expecting `')''
Request URL: /users/login
Stack Trace:
#0 /Users/Anthony/Sites/eclipse-wh/api-demo/lib/Cake/Error/ErrorHandler.php(205): ErrorHandler::handleFatalError(4, 'parse error, ex...', '/Users/Anthony/...', 17)
#1 [internal function]: ErrorHandler::handleError(4, 'parse error, ex...', '/Users/Anthony/...', 17, Array)
#2 /Users/Anthony/Sites/eclipse-wh/api-demo/lib/Cake/Core/App.php(931): call_user_func('ErrorHandler::h...', 4, 'parse error, ex...', '/Users/Anthony/...', 17, Array)
#3 /Users/Anthony/Sites/eclipse-wh/api-demo/lib/Cake/Core/App.php(904): App::_checkFatalError()
#4 [internal function]: App::shutdown()
#5 {main}
2013-08-31 08:27:00 Error: [CakeException] Authentication adapter "Public" was not found.
Request URL: /users/signup
Stack Trace:
#0 /Users/Anthony/Sites/eclipse-wh/api-demo/lib/Cake/Controller/Component/AuthComponent.php(677): AuthComponent->constructAuthenticate()
#1 /Users/Anthony/Sites/eclipse-wh/api-demo/lib/Cake/Controller/Component/AuthComponent.php(303): AuthComponent->_getUser()
#2 [internal function]: AuthComponent->startup(Object(UsersController))
#3 /Users/Anthony/Sites/eclipse-wh/api-demo/lib/Cake/Utility/ObjectCollection.php(132): call_user_func_array(Array, Array)
#4 [internal function]: ObjectCollection->trigger(Object(CakeEvent))
#5 /Users/Anthony/Sites/eclipse-wh/api-demo/lib/Cake/Event/CakeEventManager.php(248): call_user_func(Array, Object(CakeEvent))
#6 /Users/Anthony/Sites/eclipse-wh/api-demo/lib/Cake/Controller/Controller.php(675): CakeEventManager->dispatch(Object(CakeEvent))
#7 /Users/Anthony/Sites/eclipse-wh/api-demo/lib/Cake/Routing/Dispatcher.php(184): Controller->startupProcess()
#8 /Users/Anthony/Sites/eclipse-wh/api-demo/lib/Cake/Routing/Dispatcher.php(162): Dispatcher->_invoke(Object(UsersController), Object(CakeRequest), Object(CakeResponse))
#9 /Users/Anthony/Sites/eclipse-wh/api-demo/app/webroot/index.php(52): Dispatcher->dispatch(Object(CakeRequest), Object(CakeResponse))
#10 {main}
2013-08-31 08:35:04 Error: [PDOException] SQLSTATE[42000]: Syntax error or access violation: 1064 You have an error in your SQL syntax; check the manual that corresponds to your MySQL server version for the right syntax to use near 'getFieldNames' at line 1
Request URL: /users/me?access_token=ceaa1a6e69c1858d4762bb303ca85b2bd38231bc&id=2
Stack Trace:
#0 /Users/Anthony/Sites/eclipse-wh/api-demo/lib/Cake/Model/Datasource/DboSource.php(460): PDOStatement->execute(Array)
#1 /Users/Anthony/Sites/eclipse-wh/api-demo/lib/Cake/Model/Datasource/DboSource.php(426): DboSource->_execute('getFieldNames', Array)
#2 /Users/Anthony/Sites/eclipse-wh/api-demo/lib/Cake/Model/Datasource/DboSource.php(666): DboSource->execute('getFieldNames', Array, Array)
#3 /Users/Anthony/Sites/eclipse-wh/api-demo/lib/Cake/Model/Datasource/DboSource.php(611): DboSource->fetchAll('getFieldNames', Array, Array)
#4 /Users/Anthony/Sites/eclipse-wh/api-demo/lib/Cake/Model/Model.php(799): DboSource->query('getFieldNames', Array, Object(User))
#5 /Users/Anthony/Sites/eclipse-wh/api-demo/app/Plugin/Api/Controller/Component/ApiResourceComponent.php(1951): Model->__call('getFieldNames', Array)
#6 /Users/Anthony/Sites/eclipse-wh/api-demo/app/Plugin/Api/Controller/Component/ApiResourceComponent.php(1951): User->getFieldNames(false)
#7 /Users/Anthony/Sites/eclipse-wh/api-demo/app/Controller/AppController.php(185): ApiResourceComponent->returnsApiResponse()
#8 /Users/Anthony/Sites/eclipse-wh/api-demo/app/Controller/UsersController.php(101): AppController->view('2')
#9 [internal function]: UsersController->me()
#10 /Users/Anthony/Sites/eclipse-wh/api-demo/lib/Cake/Controller/Controller.php(490): ReflectionMethod->invokeArgs(Object(UsersController), Array)
#11 /Users/Anthony/Sites/eclipse-wh/api-demo/lib/Cake/Routing/Dispatcher.php(187): Controller->invokeAction(Object(CakeRequest))
#12 /Users/Anthony/Sites/eclipse-wh/api-demo/lib/Cake/Routing/Dispatcher.php(162): Dispatcher->_invoke(Object(UsersController), Object(CakeRequest), Object(CakeResponse))
#13 /Users/Anthony/Sites/eclipse-wh/api-demo/app/webroot/index.php(52): Dispatcher->dispatch(Object(CakeRequest), Object(CakeResponse))
#14 {main}
2013-08-31 08:38:04 Error: [PDOException] SQLSTATE[42000]: Syntax error or access violation: 1064 You have an error in your SQL syntax; check the manual that corresponds to your MySQL server version for the right syntax to use near 'fieldDependencies' at line 1
Request URL: /users/me?access_token=ceaa1a6e69c1858d4762bb303ca85b2bd38231bc&id=2
Stack Trace:
#0 /Users/Anthony/Sites/eclipse-wh/api-demo/lib/Cake/Model/Datasource/DboSource.php(460): PDOStatement->execute(Array)
#1 /Users/Anthony/Sites/eclipse-wh/api-demo/lib/Cake/Model/Datasource/DboSource.php(426): DboSource->_execute('fieldDependenci...', Array)
#2 /Users/Anthony/Sites/eclipse-wh/api-demo/lib/Cake/Model/Datasource/DboSource.php(666): DboSource->execute('fieldDependenci...', Array, Array)
#3 /Users/Anthony/Sites/eclipse-wh/api-demo/lib/Cake/Model/Datasource/DboSource.php(611): DboSource->fetchAll('fieldDependenci...', Array, Array)
#4 /Users/Anthony/Sites/eclipse-wh/api-demo/lib/Cake/Model/Model.php(799): DboSource->query('fieldDependenci...', Array, Object(User))
#5 /Users/Anthony/Sites/eclipse-wh/api-demo/app/Plugin/Api/Controller/Component/ApiResourceComponent.php(1513): Model->__call('fieldDependenci...', Array)
#6 /Users/Anthony/Sites/eclipse-wh/api-demo/app/Plugin/Api/Controller/Component/ApiResourceComponent.php(1513): User->fieldDependencies(Array)
#7 /Users/Anthony/Sites/eclipse-wh/api-demo/app/Plugin/Api/Controller/Component/ApiResourceComponent.php(1967): ApiResourceComponent->hasRelatedFieldNames()
#8 /Users/Anthony/Sites/eclipse-wh/api-demo/app/Controller/AppController.php(185): ApiResourceComponent->returnsApiResponse()
#9 /Users/Anthony/Sites/eclipse-wh/api-demo/app/Controller/UsersController.php(101): AppController->view('2')
#10 [internal function]: UsersController->me()
#11 /Users/Anthony/Sites/eclipse-wh/api-demo/lib/Cake/Controller/Controller.php(490): ReflectionMethod->invokeArgs(Object(UsersController), Array)
#12 /Users/Anthony/Sites/eclipse-wh/api-demo/lib/Cake/Routing/Dispatcher.php(187): Controller->invokeAction(Object(CakeRequest))
#13 /Users/Anthony/Sites/eclipse-wh/api-demo/lib/Cake/Routing/Dispatcher.php(162): Dispatcher->_invoke(Object(UsersController), Object(CakeRequest), Object(CakeResponse))
#14 /Users/Anthony/Sites/eclipse-wh/api-demo/app/webroot/index.php(52): Dispatcher->dispatch(Object(CakeRequest), Object(CakeResponse))
#15 {main}
2013-08-31 08:40:31 Error: [PDOException] SQLSTATE[42000]: Syntax error or access violation: 1064 You have an error in your SQL syntax; check the manual that corresponds to your MySQL server version for the right syntax to use near 'fieldDependencies' at line 1
Request URL: /users/me?access_token=ceaa1a6e69c1858d4762bb303ca85b2bd38231bc&id=2
Stack Trace:
#0 /Users/Anthony/Sites/eclipse-wh/api-demo/lib/Cake/Model/Datasource/DboSource.php(460): PDOStatement->execute(Array)
#1 /Users/Anthony/Sites/eclipse-wh/api-demo/lib/Cake/Model/Datasource/DboSource.php(426): DboSource->_execute('fieldDependenci...', Array)
#2 /Users/Anthony/Sites/eclipse-wh/api-demo/lib/Cake/Model/Datasource/DboSource.php(666): DboSource->execute('fieldDependenci...', Array, Array)
#3 /Users/Anthony/Sites/eclipse-wh/api-demo/lib/Cake/Model/Datasource/DboSource.php(611): DboSource->fetchAll('fieldDependenci...', Array, Array)
#4 /Users/Anthony/Sites/eclipse-wh/api-demo/lib/Cake/Model/Model.php(799): DboSource->query('fieldDependenci...', Array, Object(User))
#5 /Users/Anthony/Sites/eclipse-wh/api-demo/app/Plugin/Api/Controller/Component/ApiResourceComponent.php(1513): Model->__call('fieldDependenci...', Array)
#6 /Users/Anthony/Sites/eclipse-wh/api-demo/app/Plugin/Api/Controller/Component/ApiResourceComponent.php(1513): User->fieldDependencies(Array)
#7 /Users/Anthony/Sites/eclipse-wh/api-demo/app/Plugin/Api/Controller/Component/ApiResourceComponent.php(1967): ApiResourceComponent->hasRelatedFieldNames()
#8 /Users/Anthony/Sites/eclipse-wh/api-demo/app/Controller/AppController.php(185): ApiResourceComponent->returnsApiResponse()
#9 /Users/Anthony/Sites/eclipse-wh/api-demo/app/Controller/UsersController.php(101): AppController->view('2')
#10 [internal function]: UsersController->me()
#11 /Users/Anthony/Sites/eclipse-wh/api-demo/lib/Cake/Controller/Controller.php(490): ReflectionMethod->invokeArgs(Object(UsersController), Array)
#12 /Users/Anthony/Sites/eclipse-wh/api-demo/lib/Cake/Routing/Dispatcher.php(187): Controller->invokeAction(Object(CakeRequest))
#13 /Users/Anthony/Sites/eclipse-wh/api-demo/lib/Cake/Routing/Dispatcher.php(162): Dispatcher->_invoke(Object(UsersController), Object(CakeRequest), Object(CakeResponse))
#14 /Users/Anthony/Sites/eclipse-wh/api-demo/app/webroot/index.php(52): Dispatcher->dispatch(Object(CakeRequest), Object(CakeResponse))
#15 {main}
2013-08-31 08:41:21 Error: [PDOException] SQLSTATE[42000]: Syntax error or access violation: 1064 You have an error in your SQL syntax; check the manual that corresponds to your MySQL server version for the right syntax to use near 'fieldDependencies' at line 1
Request URL: /posts?access_token=ceaa1a6e69c1858d4762bb303ca85b2bd38231bc
Stack Trace:
#0 /Users/Anthony/Sites/eclipse-wh/api-demo/lib/Cake/Model/Datasource/DboSource.php(460): PDOStatement->execute(Array)
#1 /Users/Anthony/Sites/eclipse-wh/api-demo/lib/Cake/Model/Datasource/DboSource.php(426): DboSource->_execute('fieldDependenci...', Array)
#2 /Users/Anthony/Sites/eclipse-wh/api-demo/lib/Cake/Model/Datasource/DboSource.php(666): DboSource->execute('fieldDependenci...', Array, Array)
#3 /Users/Anthony/Sites/eclipse-wh/api-demo/lib/Cake/Model/Datasource/DboSource.php(611): DboSource->fetchAll('fieldDependenci...', Array, Array)
#4 /Users/Anthony/Sites/eclipse-wh/api-demo/lib/Cake/Model/Model.php(799): DboSource->query('fieldDependenci...', Array, Object(Post))
#5 /Users/Anthony/Sites/eclipse-wh/api-demo/app/Plugin/Api/Controller/Component/ApiResourceComponent.php(1513): Model->__call('fieldDependenci...', Array)
#6 /Users/Anthony/Sites/eclipse-wh/api-demo/app/Plugin/Api/Controller/Component/ApiResourceComponent.php(1513): Post->fieldDependencies(Array)
#7 /Users/Anthony/Sites/eclipse-wh/api-demo/app/Plugin/Api/Controller/Component/ApiResourceComponent.php(1967): ApiResourceComponent->hasRelatedFieldNames()
#8 /Users/Anthony/Sites/eclipse-wh/api-demo/app/Controller/AppController.php(153): ApiResourceComponent->returnsApiResponse()
#9 [internal function]: AppController->index()
#10 /Users/Anthony/Sites/eclipse-wh/api-demo/lib/Cake/Controller/Controller.php(490): ReflectionMethod->invokeArgs(Object(PostsController), Array)
#11 /Users/Anthony/Sites/eclipse-wh/api-demo/lib/Cake/Routing/Dispatcher.php(187): Controller->invokeAction(Object(CakeRequest))
#12 /Users/Anthony/Sites/eclipse-wh/api-demo/lib/Cake/Routing/Dispatcher.php(162): Dispatcher->_invoke(Object(PostsController), Object(CakeRequest), Object(CakeResponse))
#13 /Users/Anthony/Sites/eclipse-wh/api-demo/app/webroot/index.php(52): Dispatcher->dispatch(Object(CakeRequest), Object(CakeResponse))
#14 {main}
2013-08-31 08:51:45 Error: Fatal Error (1): Call to a member function isUserAuthorizedToCreate() on a non-object in [/Users/Anthony/Sites/eclipse-wh/api-demo/app/Plugin/Api/Controller/Component/ApiPermissionsComponent.php, line 250]
2013-08-31 08:51:45 Error: [FatalErrorException] Call to a member function isUserAuthorizedToCreate() on a non-object
Request URL: /posts?access_token=ceaa1a6e69c1858d4762bb303ca85b2bd38231bc
Stack Trace:
#0 /Users/Anthony/Sites/eclipse-wh/api-demo/lib/Cake/Error/ErrorHandler.php(205): ErrorHandler::handleFatalError(1, 'Call to a membe...', '/Users/Anthony/...', 250)
#1 [internal function]: ErrorHandler::handleError(1, 'Call to a membe...', '/Users/Anthony/...', 250, Array)
#2 /Users/Anthony/Sites/eclipse-wh/api-demo/lib/Cake/Core/App.php(931): call_user_func('ErrorHandler::h...', 1, 'Call to a membe...', '/Users/Anthony/...', 250, Array)
#3 /Users/Anthony/Sites/eclipse-wh/api-demo/lib/Cake/Core/App.php(904): App::_checkFatalError()
#4 [internal function]: App::shutdown()
#5 {main}
2013-08-31 08:53:26 Error: Fatal Error (1): Call to a member function isUserAuthorizedToCreate() on a non-object in [/Users/Anthony/Sites/eclipse-wh/api-demo/app/Plugin/Api/Controller/Component/ApiPermissionsComponent.php, line 250]
2013-08-31 08:53:26 Error: [FatalErrorException] Call to a member function isUserAuthorizedToCreate() on a non-object
Request URL: /posts?access_token=ceaa1a6e69c1858d4762bb303ca85b2bd38231bc
Stack Trace:
#0 /Users/Anthony/Sites/eclipse-wh/api-demo/lib/Cake/Error/ErrorHandler.php(205): ErrorHandler::handleFatalError(1, 'Call to a membe...', '/Users/Anthony/...', 250)
#1 [internal function]: ErrorHandler::handleError(1, 'Call to a membe...', '/Users/Anthony/...', 250, Array)
#2 /Users/Anthony/Sites/eclipse-wh/api-demo/lib/Cake/Core/App.php(931): call_user_func('ErrorHandler::h...', 1, 'Call to a membe...', '/Users/Anthony/...', 250, Array)
#3 /Users/Anthony/Sites/eclipse-wh/api-demo/lib/Cake/Core/App.php(904): App::_checkFatalError()
#4 [internal function]: App::shutdown()
#5 {main}
2013-08-31 08:56:00 Error: [PDOException] SQLSTATE[42S22]: Column not found: 1054 Unknown column 'Comments.posts' in 'where clause'
Request URL: /posts?related=&id=1
Stack Trace:
#0 /Users/Anthony/Sites/eclipse-wh/api-demo/lib/Cake/Model/Datasource/DboSource.php(460): PDOStatement->execute(Array)
#1 /Users/Anthony/Sites/eclipse-wh/api-demo/lib/Cake/Model/Datasource/DboSource.php(426): DboSource->_execute('SELECT `Comment...', Array)
#2 /Users/Anthony/Sites/eclipse-wh/api-demo/lib/Cake/Model/Datasource/DboSource.php(666): DboSource->execute('SELECT `Comment...', Array, Array)
#3 /Users/Anthony/Sites/eclipse-wh/api-demo/lib/Cake/Model/Datasource/DboSource.php(1077): DboSource->fetchAll('SELECT `Comment...', false)
#4 /Users/Anthony/Sites/eclipse-wh/api-demo/lib/Cake/Model/Model.php(2750): DboSource->read(Object(AppModel), Array)
#5 /Users/Anthony/Sites/eclipse-wh/api-demo/lib/Cake/Model/Model.php(2722): Model->_readDataSource('all', Array)
#6 /Users/Anthony/Sites/eclipse-wh/api-demo/lib/Cake/Controller/Component/PaginatorComponent.php(198): Model->find('all', Array)
#7 /Users/Anthony/Sites/eclipse-wh/api-demo/app/Plugin/Api/Controller/Component/ApiResourceComponent.php(1991): PaginatorComponent->paginate('Comments', Array)
#8 /Users/Anthony/Sites/eclipse-wh/api-demo/app/Plugin/Api/Controller/Component/ApiResourceComponent.php(2291): ApiResourceComponent->returnsApiResponse()
#9 /Users/Anthony/Sites/eclipse-wh/api-demo/app/Plugin/Api/Controller/Component/ApiResourceComponent.php(2055): ApiResourceComponent->returnsResultWithRelatedModelData()
#10 /Users/Anthony/Sites/eclipse-wh/api-demo/app/Controller/AppController.php(185): ApiResourceComponent->returnsApiResponse()
#11 /Users/Anthony/Sites/eclipse-wh/api-demo/app/Controller/AppController.php(215): AppController->view('1')
#12 [internal function]: AppController->add()
#13 /Users/Anthony/Sites/eclipse-wh/api-demo/lib/Cake/Controller/Controller.php(490): ReflectionMethod->invokeArgs(Object(PostsController), Array)
#14 /Users/Anthony/Sites/eclipse-wh/api-demo/lib/Cake/Routing/Dispatcher.php(187): Controller->invokeAction(Object(CakeRequest))
#15 /Users/Anthony/Sites/eclipse-wh/api-demo/lib/Cake/Routing/Dispatcher.php(162): Dispatcher->_invoke(Object(PostsController), Object(CakeRequest), Object(CakeResponse))
#16 /Users/Anthony/Sites/eclipse-wh/api-demo/app/webroot/index.php(52): Dispatcher->dispatch(Object(CakeRequest), Object(CakeResponse))
#17 {main}
2013-08-31 09:00:24 Error: [PDOException] SQLSTATE[42S22]: Column not found: 1054 Unknown column 'Comments.posts' in 'where clause'
Request URL: /posts?related=&id=2
Stack Trace:
#0 /Users/Anthony/Sites/eclipse-wh/api-demo/lib/Cake/Model/Datasource/DboSource.php(460): PDOStatement->execute(Array)
#1 /Users/Anthony/Sites/eclipse-wh/api-demo/lib/Cake/Model/Datasource/DboSource.php(426): DboSource->_execute('SELECT `Comment...', Array)
#2 /Users/Anthony/Sites/eclipse-wh/api-demo/lib/Cake/Model/Datasource/DboSource.php(666): DboSource->execute('SELECT `Comment...', Array, Array)
#3 /Users/Anthony/Sites/eclipse-wh/api-demo/lib/Cake/Model/Datasource/DboSource.php(1077): DboSource->fetchAll('SELECT `Comment...', false)
#4 /Users/Anthony/Sites/eclipse-wh/api-demo/lib/Cake/Model/Model.php(2750): DboSource->read(Object(AppModel), Array)
#5 /Users/Anthony/Sites/eclipse-wh/api-demo/lib/Cake/Model/Model.php(2722): Model->_readDataSource('all', Array)
#6 /Users/Anthony/Sites/eclipse-wh/api-demo/lib/Cake/Controller/Component/PaginatorComponent.php(198): Model->find('all', Array)
#7 /Users/Anthony/Sites/eclipse-wh/api-demo/app/Plugin/Api/Controller/Component/ApiResourceComponent.php(1991): PaginatorComponent->paginate('Comments', Array)
#8 /Users/Anthony/Sites/eclipse-wh/api-demo/app/Plugin/Api/Controller/Component/ApiResourceComponent.php(2291): ApiResourceComponent->returnsApiResponse()
#9 /Users/Anthony/Sites/eclipse-wh/api-demo/app/Plugin/Api/Controller/Component/ApiResourceComponent.php(2055): ApiResourceComponent->returnsResultWithRelatedModelData()
#10 /Users/Anthony/Sites/eclipse-wh/api-demo/app/Controller/AppController.php(185): ApiResourceComponent->returnsApiResponse()
#11 /Users/Anthony/Sites/eclipse-wh/api-demo/app/Controller/AppController.php(215): AppController->view('2')
#12 [internal function]: AppController->add()
#13 /Users/Anthony/Sites/eclipse-wh/api-demo/lib/Cake/Controller/Controller.php(490): ReflectionMethod->invokeArgs(Object(PostsController), Array)
#14 /Users/Anthony/Sites/eclipse-wh/api-demo/lib/Cake/Routing/Dispatcher.php(187): Controller->invokeAction(Object(CakeRequest))
#15 /Users/Anthony/Sites/eclipse-wh/api-demo/lib/Cake/Routing/Dispatcher.php(162): Dispatcher->_invoke(Object(PostsController), Object(CakeRequest), Object(CakeResponse))
#16 /Users/Anthony/Sites/eclipse-wh/api-demo/app/webroot/index.php(52): Dispatcher->dispatch(Object(CakeRequest), Object(CakeResponse))
#17 {main}
2013-08-31 09:13:35 Error: [PDOException] SQLSTATE[23000]: Integrity constraint violation: 1048 Column 'user_id' cannot be null
Request URL: /oauth2/authorize?client_id=demo-client-flow-key&response_type=token&state=something
Stack Trace:
#0 /Users/Anthony/Sites/eclipse-wh/api-demo/lib/Cake/Model/Datasource/DboSource.php(460): PDOStatement->execute(Array)
#1 /Users/Anthony/Sites/eclipse-wh/api-demo/lib/Cake/Model/Datasource/DboSource.php(426): DboSource->_execute('INSERT INTO `ap...', Array)
#2 /Users/Anthony/Sites/eclipse-wh/api-demo/lib/Cake/Model/Datasource/DboSource.php(1004): DboSource->execute('INSERT INTO `ap...')
#3 /Users/Anthony/Sites/eclipse-wh/api-demo/lib/Cake/Model/Model.php(1761): DboSource->create(Object(OAuth2AccessToken), Array, Array)
#4 /Users/Anthony/Sites/eclipse-wh/api-demo/app/Plugin/OAuth2/Model/OAuth2AccessToken.php(147): Model->save(Array)
#5 /Users/Anthony/Sites/eclipse-wh/api-demo/app/Plugin/OAuth2/Lib/OAuth2Storage.php(183): OAuth2AccessToken->setAccessToken('54843b29f3e9ac9...', 'demo-client-flo...', '2', 1377944015, NULL)
#6 /Users/Anthony/Sites/eclipse-wh/api-demo/app/Plugin/OAuth2/Vendor/OAuth2ServerPHP/src/OAuth2/ResponseType/AccessToken.php(71): OAuth2Storage->setAccessToken('54843b29f3e9ac9...', 'demo-client-flo...', '2', 1377944015, NULL)
#7 /Users/Anthony/Sites/eclipse-wh/api-demo/app/Plugin/OAuth2/Vendor/OAuth2ServerPHP/src/OAuth2/ResponseType/AccessToken.php(37): OAuth2_ResponseType_AccessToken->createAccessToken('demo-client-flo...', '2', NULL, false)
#8 /Users/Anthony/Sites/eclipse-wh/api-demo/app/Plugin/OAuth2/Vendor/OAuth2ServerPHP/src/OAuth2/Controller/AuthorizeController.php(46): OAuth2_ResponseType_AccessToken->getAuthorizeResponse(Array, '2')
#9 /Users/Anthony/Sites/eclipse-wh/api-demo/app/Plugin/OAuth2/Vendor/OAuth2ServerPHP/src/OAuth2/Server.php(285): OAuth2_Controller_AuthorizeController->handleAuthorizeRequest(Object(OAuth2_Request), true, '2')
#10 [internal function]: OAuth2_Server->handleAuthorizeRequest(Object(OAuth2_Request), true, '2')
#11 /Users/Anthony/Sites/eclipse-wh/api-demo/app/Plugin/OAuth2/Controller/Component/OAuth2Component.php(57): call_user_func_array(Array, Array)
#12 /Users/Anthony/Sites/eclipse-wh/api-demo/app/Plugin/OAuth2/Controller/OAuth2Controller.php(198): OAuth2Component->__call('handleAuthorize...', Array)
#13 /Users/Anthony/Sites/eclipse-wh/api-demo/app/Plugin/OAuth2/Controller/OAuth2Controller.php(198): OAuth2Component->handleAuthorizeRequest(true, '2')
#14 [internal function]: OAuth2Controller->authorize()
#15 /Users/Anthony/Sites/eclipse-wh/api-demo/lib/Cake/Controller/Controller.php(490): ReflectionMethod->invokeArgs(Object(AppOAuth2Controller), Array)
#16 /Users/Anthony/Sites/eclipse-wh/api-demo/lib/Cake/Routing/Dispatcher.php(187): Controller->invokeAction(Object(CakeRequest))
#17 /Users/Anthony/Sites/eclipse-wh/api-demo/lib/Cake/Routing/Dispatcher.php(162): Dispatcher->_invoke(Object(AppOAuth2Controller), Object(CakeRequest), Object(CakeResponse))
#18 /Users/Anthony/Sites/eclipse-wh/api-demo/app/webroot/index.php(52): Dispatcher->dispatch(Object(CakeRequest), Object(CakeResponse))
#19 {main}
2013-08-31 17:01:54 Error: Fatal Error (1): Class 'AppTestCase' not found in [/Users/Anthony/Sites/eclipse-wh/api-demo/app/Plugin/OAuth2/Test/Case/Controller/Component/Auth/OAuth2PublicAuthenticateTest.php, line 25]
2013-08-31 17:01:54 Error: [FatalErrorException] Class 'AppTestCase' not found
Stack Trace:
#0 /Users/Anthony/Sites/eclipse-wh/api-demo/lib/Cake/Error/ErrorHandler.php(205): ErrorHandler::handleFatalError(1, 'Class 'AppTestC...', '/Users/Anthony/...', 25)
#1 [internal function]: ErrorHandler::handleError(1, 'Class 'AppTestC...', '/Users/Anthony/...', 25, Array)
#2 /Users/Anthony/Sites/eclipse-wh/api-demo/lib/Cake/Core/App.php(931): call_user_func('ErrorHandler::h...', 1, 'Class 'AppTestC...', '/Users/Anthony/...', 25, Array)
#3 /Users/Anthony/Sites/eclipse-wh/api-demo/lib/Cake/Core/App.php(904): App::_checkFatalError()
#4 [internal function]: App::shutdown()
#5 {main}
2013-08-31 17:20:26 Error: [MissingControllerException] Controller class Controller could not be found.
Exception Attributes: array (
  'class' => 'Controller',
  'plugin' => NULL,
)
Request URL: /?access_token=23f65b2391aeb8501ae8d2176ef3c99479badaa5
Stack Trace:
#0 /Users/Anthony/Sites/eclipse-wh/api-demo/app/webroot/index.php(52): Dispatcher->dispatch(Object(CakeRequest), Object(CakeResponse))
#1 {main}
2013-08-31 17:24:44 Error: [MissingControllerException] Controller class Controller could not be found.
Exception Attributes: array (
  'class' => 'Controller',
  'plugin' => NULL,
)
Request URL: /?access_token=23f65b2391aeb8501ae8d2176ef3c99479badaa5
Stack Trace:
#0 /Users/Anthony/Sites/eclipse-wh/api-demo/app/webroot/index.php(52): Dispatcher->dispatch(Object(CakeRequest), Object(CakeResponse))
#1 {main}
2013-08-31 17:24:44 Error: Fatal Error (1): Class 'AppErrorController' not found in [/Users/Anthony/Sites/eclipse-wh/api-demo/app/Lib/Error/AppExceptionRenderer.php, line 21]
2013-08-31 17:24:44 Error: [FatalErrorException] Class 'AppErrorController' not found
Request URL: /?access_token=23f65b2391aeb8501ae8d2176ef3c99479badaa5
Stack Trace:
#0 /Users/Anthony/Sites/eclipse-wh/api-demo/lib/Cake/Error/ErrorHandler.php(205): ErrorHandler::handleFatalError(1, 'Class 'AppError...', '/Users/Anthony/...', 21)
#1 /Users/Anthony/Sites/eclipse-wh/api-demo/app/Lib/AppError.php(11): ErrorHandler::handleError(1, 'Class 'AppError...', '/Users/Anthony/...', 21, Array)
#2 [internal function]: AppError::handleError(1, 'Class 'AppError...', '/Users/Anthony/...', 21, Array)
#3 /Users/Anthony/Sites/eclipse-wh/api-demo/lib/Cake/Core/App.php(931): call_user_func('AppError::handl...', 1, 'Class 'AppError...', '/Users/Anthony/...', 21, Array)
#4 /Users/Anthony/Sites/eclipse-wh/api-demo/lib/Cake/Core/App.php(904): App::_checkFatalError()
#5 [internal function]: App::shutdown()
#6 {main}
2013-08-31 17:25:59 Error: [MissingControllerException] Controller class Controller could not be found.
Exception Attributes: array (
  'class' => 'Controller',
  'plugin' => NULL,
)
Request URL: /?access_token=23f65b2391aeb8501ae8d2176ef3c99479badaa5
Stack Trace:
#0 /Users/Anthony/Sites/eclipse-wh/api-demo/app/webroot/index.php(52): Dispatcher->dispatch(Object(CakeRequest), Object(CakeResponse))
#1 {main}
2013-08-31 17:26:03 Error: [MissingControllerException] Controller class Controller could not be found.
Exception Attributes: array (
  'class' => 'Controller',
  'plugin' => NULL,
)
Request URL: /?access_token=23f65b2391aeb8501ae8d2176ef3c99479badaa5
Stack Trace:
#0 /Users/Anthony/Sites/eclipse-wh/api-demo/app/webroot/index.php(52): Dispatcher->dispatch(Object(CakeRequest), Object(CakeResponse))
#1 {main}
2013-08-31 17:26:09 Error: [MissingControllerException] Controller class Controller could not be found.
Exception Attributes: array (
  'class' => 'Controller',
  'plugin' => NULL,
)
Request URL: /?access_token=23f65b2391aeb8501ae8d2176ef3c99479badaa5
Stack Trace:
#0 /Users/Anthony/Sites/eclipse-wh/api-demo/app/webroot/index.php(52): Dispatcher->dispatch(Object(CakeRequest), Object(CakeResponse))
#1 {main}
2013-08-31 17:26:11 Error: [MissingControllerException] Controller class Controller could not be found.
Exception Attributes: array (
  'class' => 'Controller',
  'plugin' => NULL,
)
Request URL: /?access_token=23f65b2391aeb8501ae8d2176ef3c99479badaa5
Stack Trace:
#0 /Users/Anthony/Sites/eclipse-wh/api-demo/app/webroot/index.php(52): Dispatcher->dispatch(Object(CakeRequest), Object(CakeResponse))
#1 {main}
2013-08-31 17:26:15 Error: [MissingControllerException] Controller class Controller could not be found.
Exception Attributes: array (
  'class' => 'Controller',
  'plugin' => NULL,
)
Request URL: /?access_token=23f65b2391aeb8501ae8d2176ef3c99479badaa5
Stack Trace:
#0 /Users/Anthony/Sites/eclipse-wh/api-demo/app/webroot/index.php(52): Dispatcher->dispatch(Object(CakeRequest), Object(CakeResponse))
#1 {main}
2013-08-31 17:26:23 Error: [CakeException] Authentication adapter "Public" was not found.
Request URL: /posts?access_token=23f65b2391aeb8501ae8d2176ef3c99479badaa5
Stack Trace:
#0 /Users/Anthony/Sites/eclipse-wh/api-demo/lib/Cake/Controller/Component/AuthComponent.php(677): AuthComponent->constructAuthenticate()
#1 /Users/Anthony/Sites/eclipse-wh/api-demo/lib/Cake/Controller/Component/AuthComponent.php(303): AuthComponent->_getUser()
#2 [internal function]: AuthComponent->startup(Object(PostsController))
#3 /Users/Anthony/Sites/eclipse-wh/api-demo/lib/Cake/Utility/ObjectCollection.php(132): call_user_func_array(Array, Array)
#4 [internal function]: ObjectCollection->trigger(Object(CakeEvent))
#5 /Users/Anthony/Sites/eclipse-wh/api-demo/lib/Cake/Event/CakeEventManager.php(248): call_user_func(Array, Object(CakeEvent))
#6 /Users/Anthony/Sites/eclipse-wh/api-demo/lib/Cake/Controller/Controller.php(675): CakeEventManager->dispatch(Object(CakeEvent))
#7 /Users/Anthony/Sites/eclipse-wh/api-demo/lib/Cake/Routing/Dispatcher.php(184): Controller->startupProcess()
#8 /Users/Anthony/Sites/eclipse-wh/api-demo/lib/Cake/Routing/Dispatcher.php(162): Dispatcher->_invoke(Object(PostsController), Object(CakeRequest), Object(CakeResponse))
#9 /Users/Anthony/Sites/eclipse-wh/api-demo/app/webroot/index.php(52): Dispatcher->dispatch(Object(CakeRequest), Object(CakeResponse))
#10 {main}
